15180080158
11406663900
114212051
6565389779
10601327274
219207722
12550334535
1138877186
8912299378
5459568283
178394749
11469504
26205463943
4272560961
13713048931
15352197093
76670846
168893
11682158354
11096424925
122064048
25428924258
3906168097
313697203
21190477225
627091978
14067024544
19977356202
1336517357
262672285
20051607228
15382976910
13505520927
2274560803
18666850922
20775382716
433059632
4050464314
1315126455
1096594235
19166671932
18122520717
5994980379
2916787804
17436525448
10935891988
13626168912
2806570854
4587940536
6521069351
1761818481
22676787187
23545195699
20149132963
1369462109
7113335455
224298500
407255351
8297526268
611436676
3255284789
2693534760
17243805510
10867035
2467687993
4370202650
11419035589
944615529
34439313
21866670368
26333286219
25402808123
16145698363
11334179115
5984976235
3859124
11631026850
19263348275
7392645853
17133917785
181592320
17761545963
12579189522
2796737137
2861524263
1032150238
23038224841
2574015385
4336991554
4647705023
9900238147
10591094
7800082551
24388126227
11192055479
8960636832
12944858843
20146963011
13445098053
13050818625
25883225833
31071571
11233095280
28967616536
65564442
2119811402
170232343
4401255682
2336032769
2907276738
19004904836
6822299360
14446966823
12619994957
22366371451
6807894196
14473134714
14999062384
5424817190
2616534256
8234277704
28675840335
8205241889
47341132
11706679282
13233830576
3537119071
4513313513
10505229901
7961110777
8280212729
21258095330
1106608185
4279332689
21128899774
12179444212
22884944380
20090586980
3547654067
9741018143
13580786015
13879328413
3663761125
345649793
769611871
11791500
5086885821
2022756948
18857828394
8919397956
8906146714
6074547644
19449640351
14915480320
1320018363
7485263737
14248192085
26351573556
3192904510
16458685752
27080036422
19666104725
11782609931
1708397654
718975021
1018835982
26668449464
2904374705
1239832315
13639744291
1749852883
399642626
662073615
1333170198
9929740671
7448579812
3965360
16548689153
283202249
24934349997
29316293307
3279969751
13161278257
1717809450
11585971361
29374318452
9674731295
380435077
375075667
18534313032
17890533868
201240430
15836459452
23520887298
3038098840
25972260120
8751678216
1621028075
444057085
14512728195
